La génération a démarré 21/10/2010 23:13:26.
     1>Projet "D:\CtrlBrk\Documents\dev\portmidi\pm_common\portmidi-static.vcxproj" sur le nœud 3 (build cible(s)).
     1>InitializeBuildStatus:
         Création de "portmidi-static.dir\Debug\portmidi-static.unsuccessfulbuild", car "AlwaysCreate" a été spécifié.
       ClCompile:
         D:\Program Files\Microsoft Visual Studio 10.0\VC\bin\CL.exe /c /I..\pm_common /I..\porttime /I"C:\Program Files\Java\jdk1.6.0_16\include" /I"C:\Program Files\Java\jdk1.6.0_16\include\win32" /Zi /nologo /W3 /WX- /Od /Oy- /D WIN32 /D _WINDOWS /D _DEBUG /D PM_CHECK_ERRORS=1 /D DEBUG /D "CMAKE_INTDIR=\"Debug\"" /D _MBCS /Gm- /RTC1 /MTd /GS /fp:precise /Zc:wchar_t /Zc:forScope /Fo"portmidi-static.dir\Debug\\" /Fd"../Debug/portmidi_s.pdb" /Gd /TC /analyze- /errorReport:prompt ..\pm_win\pmwin.c ..\pm_win\pmwinmm.c ..\porttime\ptwinmm.c pmutil.c portmidi.c  /Zm1000 
         pmwin.c
         pmwinmm.c
     1>..\pm_win\pmwinmm.c(263): warning C4996: 'strncpy': This function or variable may be unsafe. Consider using strncpy_s instead. To disable deprecation, use _CRT_SECURE_NO_WARNINGS. See online help for details.
                 D:\Program Files\Microsoft Visual Studio 10.0\VC\include\string.h(188) : voir la déclaration de 'strncpy'
         ptwinmm.c
         pmutil.c
         portmidi.c
     1>portmidi.c(299): warning C4996: 'strncpy': This function or variable may be unsafe. Consider using strncpy_s instead. To disable deprecation, use _CRT_SECURE_NO_WARNINGS. See online help for details.
                 D:\Program Files\Microsoft Visual Studio 10.0\VC\include\string.h(188) : voir la déclaration de 'strncpy'
         Génération de code en cours...
     1>C:\Program Files\MSBuild\Microsoft.Cpp\v4.0\Microsoft.CppBuild.targets(1151,5): warning MSB8012: TargetPath(D:\CtrlBrk\Documents\dev\portmidi\pm_common\Debug\portmidi-static.lib) ne correspond pas à la valeur de la propriété OutputFile (D:\CtrlBrk\Documents\dev\portmidi\Debug\portmidi_s.lib) de Library. Cela peut entraîner une génération incorrecte de votre projet. Pour corriger ce problème, vérifiez que les valeurs des propriétés $(OutDir), $(TargetName) et $(TargetExt) correspondent à la valeur spécifiée dans %(Lib.OutputFile).
     1>C:\Program Files\MSBuild\Microsoft.Cpp\v4.0\Microsoft.CppBuild.targets(1153,5): warning MSB8012: TargetName(portmidi-static) ne correspond pas à la valeur de la propriété OutputFile (portmidi_s) de Library. Cela peut entraîner une génération incorrecte de votre projet. Pour corriger ce problème, vérifiez que les valeurs des propriétés $(OutDir), $(TargetName) et $(TargetExt) correspondent à la valeur spécifiée dans %(Lib.OutputFile).
       Lib:
         D:\Program Files\Microsoft Visual Studio 10.0\VC\bin\Lib.exe /OUT:"..\Debug\portmidi_s.lib" /NOLOGO "portmidi-static.dir\Debug\pmwin.obj"
         "portmidi-static.dir\Debug\pmwinmm.obj"
         "portmidi-static.dir\Debug\ptwinmm.obj"
         "portmidi-static.dir\Debug\pmutil.obj"
         "portmidi-static.dir\Debug\portmidi.obj"
         portmidi-static.vcxproj -> D:\CtrlBrk\Documents\dev\portmidi\pm_common\Debug\portmidi-static.lib
       FinalizeBuildStatus:
         Suppression du fichier "portmidi-static.dir\Debug\portmidi-static.unsuccessfulbuild".
         Mise à jour de l'horodatage "portmidi-static.dir\Debug\portmidi-static.lastbuildstate".
     1>Génération du projet "D:\CtrlBrk\Documents\dev\portmidi\pm_common\portmidi-static.vcxproj" terminée (build cible(s)).

La génération a réussi.

Temps écoulé 00:00:04.52
